-------------------------------------------------------------------------------
Test set: org.optaplanner.examples.vehiclerouting.app.VehicleRoutingPerformanceTest
-------------------------------------------------------------------------------
Tests run: 4, Failures: 0, Errors: 4, Skipped: 0, Time elapsed: 0.008 sec <<< FAILURE! - in org.optaplanner.examples.vehiclerouting.app.VehicleRoutingPerformanceTest
solveModel_cvrptw_100customers_AFastAssert(org.optaplanner.examples.vehiclerouting.app.VehicleRoutingPerformanceTest)  Time elapsed: 0 sec  <<< ERROR!
java.lang.IllegalStateException: The directory dataDir (/home/jorge/git_projects/doctorado/optaplanner-distribution-6.1.0.Arcas/examples/sources/data/vehiclerouting) does not exist.
 The working directory should be set to the directory that contains the data directory (which is not the data directory itself).
 The working directory is different in a git clone (optaplanner/optaplanner-examples) and the release zip (examples).
 In an IDE (IntelliJ, Eclipse, NetBeans), open the "Run configuration" to change the field "Working directory".
	at org.optaplanner.examples.common.persistence.AbstractSolutionDao.<init>(AbstractSolutionDao.java:35)
	at org.optaplanner.examples.common.persistence.XStreamSolutionDao.<init>(XStreamSolutionDao.java:29)
	at org.optaplanner.examples.vehiclerouting.persistence.VehicleRoutingDao.<init>(VehicleRoutingDao.java:25)
	at org.optaplanner.examples.vehiclerouting.app.VehicleRoutingPerformanceTest.createSolutionDao(VehicleRoutingPerformanceTest.java:36)

solveModel_cvrptw_100customers_A(org.optaplanner.examples.vehiclerouting.app.VehicleRoutingPerformanceTest)  Time elapsed: 0.007 sec  <<< ERROR!
java.lang.IllegalStateException: The directory dataDir (/home/jorge/git_projects/doctorado/optaplanner-distribution-6.1.0.Arcas/examples/sources/data/vehiclerouting) does not exist.
 The working directory should be set to the directory that contains the data directory (which is not the data directory itself).
 The working directory is different in a git clone (optaplanner/optaplanner-examples) and the release zip (examples).
 In an IDE (IntelliJ, Eclipse, NetBeans), open the "Run configuration" to change the field "Working directory".
	at org.optaplanner.examples.common.persistence.AbstractSolutionDao.<init>(AbstractSolutionDao.java:35)
	at org.optaplanner.examples.common.persistence.XStreamSolutionDao.<init>(XStreamSolutionDao.java:29)
	at org.optaplanner.examples.vehiclerouting.persistence.VehicleRoutingDao.<init>(VehicleRoutingDao.java:25)
	at org.optaplanner.examples.vehiclerouting.app.VehicleRoutingPerformanceTest.createSolutionDao(VehicleRoutingPerformanceTest.java:36)

solveModel_cvrp_32customersFastAssert(org.optaplanner.examples.vehiclerouting.app.VehicleRoutingPerformanceTest)  Time elapsed: 0 sec  <<< ERROR!
java.lang.IllegalStateException: The directory dataDir (/home/jorge/git_projects/doctorado/optaplanner-distribution-6.1.0.Arcas/examples/sources/data/vehiclerouting) does not exist.
 The working directory should be set to the directory that contains the data directory (which is not the data directory itself).
 The working directory is different in a git clone (optaplanner/optaplanner-examples) and the release zip (examples).
 In an IDE (IntelliJ, Eclipse, NetBeans), open the "Run configuration" to change the field "Working directory".
	at org.optaplanner.examples.common.persistence.AbstractSolutionDao.<init>(AbstractSolutionDao.java:35)
	at org.optaplanner.examples.common.persistence.XStreamSolutionDao.<init>(XStreamSolutionDao.java:29)
	at org.optaplanner.examples.vehiclerouting.persistence.VehicleRoutingDao.<init>(VehicleRoutingDao.java:25)
	at org.optaplanner.examples.vehiclerouting.app.VehicleRoutingPerformanceTest.createSolutionDao(VehicleRoutingPerformanceTest.java:36)

solveModel_cvrp_32customers(org.optaplanner.examples.vehiclerouting.app.VehicleRoutingPerformanceTest)  Time elapsed: 0.001 sec  <<< ERROR!
java.lang.IllegalStateException: The directory dataDir (/home/jorge/git_projects/doctorado/optaplanner-distribution-6.1.0.Arcas/examples/sources/data/vehiclerouting) does not exist.
 The working directory should be set to the directory that contains the data directory (which is not the data directory itself).
 The working directory is different in a git clone (optaplanner/optaplanner-examples) and the release zip (examples).
 In an IDE (IntelliJ, Eclipse, NetBeans), open the "Run configuration" to change the field "Working directory".
	at org.optaplanner.examples.common.persistence.AbstractSolutionDao.<init>(AbstractSolutionDao.java:35)
	at org.optaplanner.examples.common.persistence.XStreamSolutionDao.<init>(XStreamSolutionDao.java:29)
	at org.optaplanner.examples.vehiclerouting.persistence.VehicleRoutingDao.<init>(VehicleRoutingDao.java:25)
	at org.optaplanner.examples.vehiclerouting.app.VehicleRoutingPerformanceTest.createSolutionDao(VehicleRoutingPerformanceTest.java:36)

